2023-08-28T08:41:59.013+05:30  INFO 2504 --- [main] c.B.BankingManagementApiApplication      : Starting BankingManagementApiApplication using Java 19.0.2 with PID 2504 (D:\My_Stash\Spring_Projects\bankingManagement-api\build\classes\java\main started by Paras Dongre in D:\My_Stash\Spring_Projects\bankingManagement-api)
2023-08-28T08:41:59.031+05:30  INFO 2504 --- [main] c.B.BankingManagementApiApplication      : No active profile set, falling back to 1 default profile: "default"
2023-08-28T08:42:01.535+05:30  INFO 2504 --- [main] .s.d.r.c.RepositoryConfigurationDelegate : Bootstrapping Spring Data JPA repositories in DEFAULT mode.
2023-08-28T08:42:01.640+05:30  INFO 2504 --- [main] .s.d.r.c.RepositoryConfigurationDelegate : Finished Spring Data repository scanning in 93 ms. Found 6 JPA repository interfaces.
2023-08-28T08:42:02.864+05:30  INFO 2504 --- [main] o.s.b.w.embedded.tomcat.TomcatWebServer  : Tomcat initialized with port(s): 9099 (http)
2023-08-28T08:42:02.879+05:30  INFO 2504 --- [main] o.apache.catalina.core.StandardService   : Starting service [Tomcat]
2023-08-28T08:42:02.880+05:30  INFO 2504 --- [main] o.apache.catalina.core.StandardEngine    : Starting Servlet engine: [Apache Tomcat/10.1.10]
2023-08-28T08:42:03.065+05:30  INFO 2504 --- [main] o.a.c.c.C.[Tomcat].[localhost].[/]       : Initializing Spring embedded WebApplicationContext
2023-08-28T08:42:03.066+05:30  INFO 2504 --- [main] w.s.c.ServletWebServerApplicationContext : Root WebApplicationContext: initialization completed in 3949 ms
2023-08-28T08:42:03.455+05:30  INFO 2504 --- [main] com.zaxxer.hikari.HikariDataSource       : HikariPool-1 - Starting...
2023-08-28T08:42:03.861+05:30  INFO 2504 --- [main] com.zaxxer.hikari.pool.HikariPool        : HikariPool-1 - Added connection com.mysql.cj.jdbc.ConnectionImpl@7e5e6573
2023-08-28T08:42:03.866+05:30  INFO 2504 --- [main] com.zaxxer.hikari.HikariDataSource       : HikariPool-1 - Start completed.
2023-08-28T08:42:03.929+05:30  INFO 2504 --- [main] o.hibernate.jpa.internal.util.LogHelper  : HHH000204: Processing PersistenceUnitInfo [name: default]
2023-08-28T08:42:04.022+05:30  INFO 2504 --- [main] org.hibernate.Version                    : HHH000412: Hibernate ORM core version 6.2.5.Final
2023-08-28T08:42:04.027+05:30  INFO 2504 --- [main] org.hibernate.cfg.Environment            : HHH000406: Using bytecode reflection optimizer
2023-08-28T08:42:04.249+05:30  INFO 2504 --- [main] o.h.b.i.BytecodeProviderInitiator        : HHH000021: Bytecode provider name : bytebuddy
2023-08-28T08:42:04.452+05:30  INFO 2504 --- [main] o.s.o.j.p.SpringPersistenceUnitInfo      : No LoadTimeWeaver setup: ignoring JPA class transformer
2023-08-28T08:42:04.833+05:30  INFO 2504 --- [main] o.h.b.i.BytecodeProviderInitiator        : HHH000021: Bytecode provider name : bytebuddy
2023-08-28T08:42:05.627+05:30  INFO 2504 --- [main] o.h.e.t.j.p.i.JtaPlatformInitiator       : HHH000490: Using JtaPlatform implementation: [org.hibernate.engine.transaction.jta.platform.internal.NoJtaPlatform]
2023-08-28T08:42:05.631+05:30  INFO 2504 --- [main] j.LocalContainerEntityManagerFactoryBean : Initialized JPA EntityManagerFactory for persistence unit 'default'
2023-08-28T08:42:06.390+05:30  WARN 2504 --- [main] JpaBaseConfiguration$JpaWebConfiguration : spring.jpa.open-in-view is enabled by default. Therefore, database queries may be performed during view rendering. Explicitly configure spring.jpa.open-in-view to disable this warning
2023-08-28T08:42:06.833+05:30  INFO 2504 --- [main] o.s.b.a.e.web.EndpointLinksResolver      : Exposing 8 endpoint(s) beneath base path '/actuator'
2023-08-28T08:42:06.895+05:30  INFO 2504 --- [main] o.s.s.web.DefaultSecurityFilterChain     : Will secure Or [Mvc [pattern='/api/**']] with [org.springframework.security.web.session.DisableEncodeUrlFilter@268ee31d, org.springframework.security.web.context.request.async.WebAsyncManagerIntegrationFilter@7bb50747, org.springframework.security.web.context.SecurityContextHolderFilter@509bf2d5, org.springframework.security.web.header.HeaderWriterFilter@4f78adf, org.springframework.security.web.csrf.CsrfFilter@6a4c4261, org.springframework.security.web.authentication.logout.LogoutFilter@5add0cc0, org.springframework.security.web.authentication.www.BasicAuthenticationFilter@6a16ee0d, org.springframework.security.web.savedrequest.RequestCacheAwareFilter@4b4b02d, org.springframework.security.web.servletapi.SecurityContextHolderAwareRequestFilter@4a66949a, org.springframework.security.web.authentication.AnonymousAuthenticationFilter@48d84d75, org.springframework.security.web.access.ExceptionTranslationFilter@cc4a0dd, org.springframework.security.web.access.intercept.AuthorizationFilter@7127f04b]
2023-08-28T08:42:07.311+05:30  INFO 2504 --- [main] o.s.b.w.embedded.tomcat.TomcatWebServer  : Tomcat started on port(s): 9099 (http) with context path ''
2023-08-28T08:42:07.327+05:30  INFO 2504 --- [main] c.B.BankingManagementApiApplication      : Started BankingManagementApiApplication in 8.925 seconds (process running for 10.034)
2023-08-28T08:42:07.404+05:30  INFO 2504 --- [main] c.B.BankingManagementApiApplication      : Banking management Application has successfully started!
2023-08-28T08:42:42.848+05:30  INFO 2504 --- [http-nio-9099-exec-2] o.a.c.c.C.[Tomcat].[localhost].[/]       : Initializing Spring DispatcherServlet 'dispatcherServlet'
2023-08-28T08:42:42.848+05:30  INFO 2504 --- [http-nio-9099-exec-2] o.s.web.servlet.DispatcherServlet        : Initializing Servlet 'dispatcherServlet'
2023-08-28T08:42:42.850+05:30  INFO 2504 --- [http-nio-9099-exec-2] o.s.web.servlet.DispatcherServlet        : Completed initialization in 1 ms
2023-08-28T08:42:57.061+05:30  INFO 2504 --- [http-nio-9099-exec-3] c.B.controller.BankController            : Get Bank method
2023-08-28T08:42:57.061+05:30  INFO 2504 --- [http-nio-9099-exec-3] c.B.service.BankServiceImpl              : Inside get All banks method
2023-08-28T08:42:57.242+05:30  INFO 2504 --- [http-nio-9099-exec-3] c.B.service.BankServiceImpl              : List of banks: banks:[com.BankingApplication.entity.Bank@49953b1d, com.BankingApplication.entity.Bank@56a0c9d9, com.BankingApplication.entity.Bank@5c18a8b, com.BankingApplication.entity.Bank@6635118c]
2023-08-28T08:42:57.271+05:30  INFO 2504 --- [http-nio-9099-exec-3] c.B.controller.BankController            : List of banks: bank:[com.BankingApplication.model.BankTO@1c51d0d, com.BankingApplication.model.BankTO@55833d2e, com.BankingApplication.model.BankTO@3995c9a7, com.BankingApplication.model.BankTO@3534eb4]
2023-08-28T08:42:57.271+05:30  INFO 2504 --- [http-nio-9099-exec-3] c.B.controller.BankController            : End of getBanks method
2023-08-28T08:43:53.219+05:30  INFO 2504 --- [http-nio-9099-exec-7] o.springdoc.api.AbstractOpenApiResource  : Init duration for springdoc-openapi is: 849 ms
2023-08-28T08:44:45.122+05:30  INFO 2504 --- [http-nio-9099-exec-10] c.B.controller.BankController            : Get Bank method
2023-08-28T08:44:45.122+05:30  INFO 2504 --- [http-nio-9099-exec-10] c.B.service.BankServiceImpl              : Inside get All banks method
2023-08-28T08:44:45.129+05:30  INFO 2504 --- [http-nio-9099-exec-10] c.B.service.BankServiceImpl              : List of banks: banks:[com.BankingApplication.entity.Bank@7abcaab7, com.BankingApplication.entity.Bank@1707788, com.BankingApplication.entity.Bank@1ce8a7bb, com.BankingApplication.entity.Bank@1285ed29]
2023-08-28T08:44:45.136+05:30  INFO 2504 --- [http-nio-9099-exec-10] c.B.controller.BankController            : List of banks: bank:[com.BankingApplication.model.BankTO@5cf556ba, com.BankingApplication.model.BankTO@2ea28623, com.BankingApplication.model.BankTO@6cf96710, com.BankingApplication.model.BankTO@67c9362a]
2023-08-28T08:44:45.137+05:30  INFO 2504 --- [http-nio-9099-exec-10] c.B.controller.BankController            : End of getBanks method
2023-08-28T14:09:19.437+05:30  INFO 18152 --- [main] c.B.BankingManagementApiApplication      : Starting BankingManagementApiApplication using Java 19.0.2 with PID 18152 (D:\My_Stash\Spring_Projects\bankingManagement-api\build\classes\java\main started by Paras Dongre in D:\My_Stash\Spring_Projects\bankingManagement-api)
2023-08-28T14:09:19.454+05:30  INFO 18152 --- [main] c.B.BankingManagementApiApplication      : No active profile set, falling back to 1 default profile: "default"
2023-08-28T14:09:22.014+05:30  INFO 18152 --- [main] .s.d.r.c.RepositoryConfigurationDelegate : Bootstrapping Spring Data JPA repositories in DEFAULT mode.
2023-08-28T14:09:22.115+05:30  INFO 18152 --- [main] .s.d.r.c.RepositoryConfigurationDelegate : Finished Spring Data repository scanning in 90 ms. Found 6 JPA repository interfaces.
2023-08-28T14:09:23.019+05:30  INFO 18152 --- [main] o.s.b.w.embedded.tomcat.TomcatWebServer  : Tomcat initialized with port(s): 9099 (http)
2023-08-28T14:09:23.033+05:30  INFO 18152 --- [main] o.apache.catalina.core.StandardService   : Starting service [Tomcat]
2023-08-28T14:09:23.034+05:30  INFO 18152 --- [main] o.apache.catalina.core.StandardEngine    : Starting Servlet engine: [Apache Tomcat/10.1.10]
2023-08-28T14:09:23.221+05:30  INFO 18152 --- [main] o.a.c.c.C.[Tomcat].[localhost].[/]       : Initializing Spring embedded WebApplicationContext
2023-08-28T14:09:23.222+05:30  INFO 18152 --- [main] w.s.c.ServletWebServerApplicationContext : Root WebApplicationContext: initialization completed in 3695 ms
2023-08-28T14:09:23.706+05:30  INFO 18152 --- [main] com.zaxxer.hikari.HikariDataSource       : HikariPool-1 - Starting...
2023-08-28T14:09:24.173+05:30  INFO 18152 --- [main] com.zaxxer.hikari.pool.HikariPool        : HikariPool-1 - Added connection com.mysql.cj.jdbc.ConnectionImpl@1109730f
2023-08-28T14:09:24.176+05:30  INFO 18152 --- [main] com.zaxxer.hikari.HikariDataSource       : HikariPool-1 - Start completed.
2023-08-28T14:09:24.236+05:30  INFO 18152 --- [main] o.hibernate.jpa.internal.util.LogHelper  : HHH000204: Processing PersistenceUnitInfo [name: default]
2023-08-28T14:09:24.322+05:30  INFO 18152 --- [main] org.hibernate.Version                    : HHH000412: Hibernate ORM core version 6.2.5.Final
2023-08-28T14:09:24.325+05:30  INFO 18152 --- [main] org.hibernate.cfg.Environment            : HHH000406: Using bytecode reflection optimizer
2023-08-28T14:09:24.549+05:30  INFO 18152 --- [main] o.h.b.i.BytecodeProviderInitiator        : HHH000021: Bytecode provider name : bytebuddy
2023-08-28T14:09:24.765+05:30  INFO 18152 --- [main] o.s.o.j.p.SpringPersistenceUnitInfo      : No LoadTimeWeaver setup: ignoring JPA class transformer
2023-08-28T14:09:25.140+05:30  INFO 18152 --- [main] o.h.b.i.BytecodeProviderInitiator        : HHH000021: Bytecode provider name : bytebuddy
2023-08-28T14:09:25.967+05:30  INFO 18152 --- [main] o.h.e.t.j.p.i.JtaPlatformInitiator       : HHH000490: Using JtaPlatform implementation: [org.hibernate.engine.transaction.jta.platform.internal.NoJtaPlatform]
2023-08-28T14:09:25.971+05:30  INFO 18152 --- [main] j.LocalContainerEntityManagerFactoryBean : Initialized JPA EntityManagerFactory for persistence unit 'default'
2023-08-28T14:09:26.717+05:30  WARN 18152 --- [main] JpaBaseConfiguration$JpaWebConfiguration : spring.jpa.open-in-view is enabled by default. Therefore, database queries may be performed during view rendering. Explicitly configure spring.jpa.open-in-view to disable this warning
2023-08-28T14:09:27.192+05:30  INFO 18152 --- [main] o.s.b.a.e.web.EndpointLinksResolver      : Exposing 8 endpoint(s) beneath base path '/actuator'
2023-08-28T14:09:27.259+05:30  INFO 18152 --- [main] o.s.s.web.DefaultSecurityFilterChain     : Will secure Or [Mvc [pattern='/api/**']] with [org.springframework.security.web.session.DisableEncodeUrlFilter@38a6ca39, org.springframework.security.web.context.request.async.WebAsyncManagerIntegrationFilter@797dd7ef, org.springframework.security.web.context.SecurityContextHolderFilter@2f271ae2, org.springframework.security.web.header.HeaderWriterFilter@7fb02869, org.springframework.security.web.csrf.CsrfFilter@653fbbfc, org.springframework.security.web.authentication.logout.LogoutFilter@64dbb343, org.springframework.security.web.authentication.www.BasicAuthenticationFilter@219c10c2, org.springframework.security.web.savedrequest.RequestCacheAwareFilter@25bbca43, org.springframework.security.web.servletapi.SecurityContextHolderAwareRequestFilter@74cd82f1, org.springframework.security.web.authentication.AnonymousAuthenticationFilter@ece7204, org.springframework.security.web.access.ExceptionTranslationFilter@566dc0c3, org.springframework.security.web.access.intercept.AuthorizationFilter@13e12ab6]
2023-08-28T14:09:27.672+05:30  INFO 18152 --- [main] o.s.b.w.embedded.tomcat.TomcatWebServer  : Tomcat started on port(s): 9099 (http) with context path ''
2023-08-28T14:09:27.691+05:30  INFO 18152 --- [main] c.B.BankingManagementApiApplication      : Started BankingManagementApiApplication in 8.848 seconds (process running for 10.068)
2023-08-28T14:09:27.776+05:30  INFO 18152 --- [main] c.B.BankingManagementApiApplication      : Banking management Application has successfully started!
2023-08-28T14:09:43.845+05:30  INFO 18152 --- [http-nio-9099-exec-1] o.a.c.c.C.[Tomcat].[localhost].[/]       : Initializing Spring DispatcherServlet 'dispatcherServlet'
2023-08-28T14:09:43.846+05:30  INFO 18152 --- [http-nio-9099-exec-1] o.s.web.servlet.DispatcherServlet        : Initializing Servlet 'dispatcherServlet'
2023-08-28T14:09:43.847+05:30  INFO 18152 --- [http-nio-9099-exec-1] o.s.web.servlet.DispatcherServlet        : Completed initialization in 1 ms
2023-08-28T14:09:44.888+05:30  INFO 18152 --- [http-nio-9099-exec-3] o.springdoc.api.AbstractOpenApiResource  : Init duration for springdoc-openapi is: 878 ms
2023-08-28T18:41:17.032+05:30  INFO 10700 --- [main] c.B.BankingManagementApiApplication      : Starting BankingManagementApiApplication using Java 19.0.2 with PID 10700 (D:\My_Stash\Spring_Projects\bankingManagement-api\build\classes\java\main started by Paras Dongre in D:\My_Stash\Spring_Projects\bankingManagement-api)
2023-08-28T18:41:17.035+05:30  INFO 10700 --- [main] c.B.BankingManagementApiApplication      : No active profile set, falling back to 1 default profile: "default"
2023-08-28T18:41:18.930+05:30  INFO 10700 --- [main] .s.d.r.c.RepositoryConfigurationDelegate : Bootstrapping Spring Data JPA repositories in DEFAULT mode.
2023-08-28T18:41:19.029+05:30  INFO 10700 --- [main] .s.d.r.c.RepositoryConfigurationDelegate : Finished Spring Data repository scanning in 87 ms. Found 6 JPA repository interfaces.
2023-08-28T18:41:20.000+05:30  INFO 10700 --- [main] o.s.b.w.embedded.tomcat.TomcatWebServer  : Tomcat initialized with port(s): 9099 (http)
2023-08-28T18:41:20.012+05:30  INFO 10700 --- [main] o.apache.catalina.core.StandardService   : Starting service [Tomcat]
2023-08-28T18:41:20.013+05:30  INFO 10700 --- [main] o.apache.catalina.core.StandardEngine    : Starting Servlet engine: [Apache Tomcat/10.1.10]
2023-08-28T18:41:20.163+05:30  INFO 10700 --- [main] o.a.c.c.C.[Tomcat].[localhost].[/]       : Initializing Spring embedded WebApplicationContext
2023-08-28T18:41:20.164+05:30  INFO 10700 --- [main] w.s.c.ServletWebServerApplicationContext : Root WebApplicationContext: initialization completed in 3041 ms
2023-08-28T18:41:20.542+05:30  INFO 10700 --- [main] com.zaxxer.hikari.HikariDataSource       : HikariPool-1 - Starting...
2023-08-28T18:41:20.958+05:30  INFO 10700 --- [main] com.zaxxer.hikari.pool.HikariPool        : HikariPool-1 - Added connection com.mysql.cj.jdbc.ConnectionImpl@194b9783
2023-08-28T18:41:20.961+05:30  INFO 10700 --- [main] com.zaxxer.hikari.HikariDataSource       : HikariPool-1 - Start completed.
2023-08-28T18:41:21.018+05:30  INFO 10700 --- [main] o.hibernate.jpa.internal.util.LogHelper  : HHH000204: Processing PersistenceUnitInfo [name: default]
2023-08-28T18:41:21.106+05:30  INFO 10700 --- [main] org.hibernate.Version                    : HHH000412: Hibernate ORM core version 6.2.5.Final
2023-08-28T18:41:21.109+05:30  INFO 10700 --- [main] org.hibernate.cfg.Environment            : HHH000406: Using bytecode reflection optimizer
2023-08-28T18:41:21.319+05:30  INFO 10700 --- [main] o.h.b.i.BytecodeProviderInitiator        : HHH000021: Bytecode provider name : bytebuddy
2023-08-28T18:41:21.525+05:30  INFO 10700 --- [main] o.s.o.j.p.SpringPersistenceUnitInfo      : No LoadTimeWeaver setup: ignoring JPA class transformer
2023-08-28T18:41:21.879+05:30  INFO 10700 --- [main] o.h.b.i.BytecodeProviderInitiator        : HHH000021: Bytecode provider name : bytebuddy
2023-08-28T18:41:22.722+05:30  INFO 10700 --- [main] o.h.e.t.j.p.i.JtaPlatformInitiator       : HHH000490: Using JtaPlatform implementation: [org.hibernate.engine.transaction.jta.platform.internal.NoJtaPlatform]
2023-08-28T18:41:22.726+05:30  INFO 10700 --- [main] j.LocalContainerEntityManagerFactoryBean : Initialized JPA EntityManagerFactory for persistence unit 'default'
2023-08-28T18:41:23.528+05:30  WARN 10700 --- [main] JpaBaseConfiguration$JpaWebConfiguration : spring.jpa.open-in-view is enabled by default. Therefore, database queries may be performed during view rendering. Explicitly configure spring.jpa.open-in-view to disable this warning
2023-08-28T18:41:24.003+05:30  INFO 10700 --- [main] o.s.b.a.e.web.EndpointLinksResolver      : Exposing 8 endpoint(s) beneath base path '/actuator'
2023-08-28T18:41:24.074+05:30  INFO 10700 --- [main] o.s.s.web.DefaultSecurityFilterChain     : Will secure Or [Mvc [pattern='/api/**']] with [org.springframework.security.web.session.DisableEncodeUrlFilter@f5b81f4, org.springframework.security.web.context.request.async.WebAsyncManagerIntegrationFilter@4c020e58, org.springframework.security.web.context.SecurityContextHolderFilter@77c41838, org.springframework.security.web.header.HeaderWriterFilter@359b4846, org.springframework.security.web.csrf.CsrfFilter@7f514dfe, org.springframework.security.web.authentication.logout.LogoutFilter@5ce045e3, org.springframework.security.web.authentication.www.BasicAuthenticationFilter@7f88c53, org.springframework.security.web.savedrequest.RequestCacheAwareFilter@70720b78, org.springframework.security.web.servletapi.SecurityContextHolderAwareRequestFilter@628f642d, org.springframework.security.web.authentication.AnonymousAuthenticationFilter@67887bf2, org.springframework.security.web.access.ExceptionTranslationFilter@1df77353, org.springframework.security.web.access.intercept.AuthorizationFilter@4177d427]
2023-08-28T18:41:24.510+05:30  INFO 10700 --- [main] o.s.b.w.embedded.tomcat.TomcatWebServer  : Tomcat started on port(s): 9099 (http) with context path ''
2023-08-28T18:41:24.530+05:30  INFO 10700 --- [main] c.B.BankingManagementApiApplication      : Started BankingManagementApiApplication in 8.111 seconds (process running for 8.667)
2023-08-28T18:41:24.613+05:30  INFO 10700 --- [main] c.B.BankingManagementApiApplication      : Banking management Application has successfully started!
2023-08-28T18:42:01.757+05:30  INFO 10700 --- [http-nio-9099-exec-1] o.a.c.c.C.[Tomcat].[localhost].[/]       : Initializing Spring DispatcherServlet 'dispatcherServlet'
2023-08-28T18:42:01.757+05:30  INFO 10700 --- [http-nio-9099-exec-1] o.s.web.servlet.DispatcherServlet        : Initializing Servlet 'dispatcherServlet'
2023-08-28T18:42:01.759+05:30  INFO 10700 --- [http-nio-9099-exec-1] o.s.web.servlet.DispatcherServlet        : Completed initialization in 2 ms
2023-08-28T18:42:02.765+05:30  INFO 10700 --- [http-nio-9099-exec-3] o.springdoc.api.AbstractOpenApiResource  : Init duration for springdoc-openapi is: 839 ms
2023-08-28T18:42:24.831+05:30  INFO 10700 --- [http-nio-9099-exec-5] c.B.controller.BankController            : Get Bank method
2023-08-28T18:42:24.831+05:30  INFO 10700 --- [http-nio-9099-exec-5] c.B.service.BankServiceImpl              : Inside get All banks method
2023-08-28T18:42:25.007+05:30  INFO 10700 --- [http-nio-9099-exec-5] c.B.service.BankServiceImpl              : List of banks: banks:[com.BankingApplication.entity.Bank@7b3fa5db, com.BankingApplication.entity.Bank@3eec9fdf, com.BankingApplication.entity.Bank@30977b35, com.BankingApplication.entity.Bank@2eb86379]
2023-08-28T18:42:25.032+05:30  INFO 10700 --- [http-nio-9099-exec-5] c.B.controller.BankController            : List of banks: bank:[com.BankingApplication.model.BankTO@2e39f8ba, com.BankingApplication.model.BankTO@546d207d, com.BankingApplication.model.BankTO@1518fad8, com.BankingApplication.model.BankTO@5fb771cf]
2023-08-28T18:42:25.032+05:30  INFO 10700 --- [http-nio-9099-exec-5] c.B.controller.BankController            : End of getBanks method
2023-08-28T18:44:48.363+05:30  INFO 19232 --- [main] c.B.BankingManagementApiApplication      : Starting BankingManagementApiApplication using Java 19.0.2 with PID 19232 (D:\My_Stash\Spring_Projects\bankingManagement-api\build\classes\java\main started by Paras Dongre in D:\My_Stash\Spring_Projects\bankingManagement-api)
2023-08-28T18:44:48.366+05:30  INFO 19232 --- [main] c.B.BankingManagementApiApplication      : No active profile set, falling back to 1 default profile: "default"
2023-08-28T18:44:49.690+05:30  INFO 19232 --- [main] .s.d.r.c.RepositoryConfigurationDelegate : Bootstrapping Spring Data JPA repositories in DEFAULT mode.
2023-08-28T18:44:49.786+05:30  INFO 19232 --- [main] .s.d.r.c.RepositoryConfigurationDelegate : Finished Spring Data repository scanning in 86 ms. Found 6 JPA repository interfaces.
2023-08-28T18:44:50.707+05:30  INFO 19232 --- [main] o.s.b.w.embedded.tomcat.TomcatWebServer  : Tomcat initialized with port(s): 9099 (http)
2023-08-28T18:44:50.718+05:30  INFO 19232 --- [main] o.apache.catalina.core.StandardService   : Starting service [Tomcat]
2023-08-28T18:44:50.718+05:30  INFO 19232 --- [main] o.apache.catalina.core.StandardEngine    : Starting Servlet engine: [Apache Tomcat/10.1.10]
2023-08-28T18:44:50.853+05:30  INFO 19232 --- [main] o.a.c.c.C.[Tomcat].[localhost].[/]       : Initializing Spring embedded WebApplicationContext
2023-08-28T18:44:50.853+05:30  INFO 19232 --- [main] w.s.c.ServletWebServerApplicationContext : Root WebApplicationContext: initialization completed in 2408 ms
2023-08-28T18:44:51.236+05:30  INFO 19232 --- [main] com.zaxxer.hikari.HikariDataSource       : HikariPool-1 - Starting...
2023-08-28T18:44:51.600+05:30  INFO 19232 --- [main] com.zaxxer.hikari.pool.HikariPool        : HikariPool-1 - Added connection com.mysql.cj.jdbc.ConnectionImpl@45297e7
2023-08-28T18:44:51.603+05:30  INFO 19232 --- [main] com.zaxxer.hikari.HikariDataSource       : HikariPool-1 - Start completed.
2023-08-28T18:44:51.654+05:30  INFO 19232 --- [main] o.hibernate.jpa.internal.util.LogHelper  : HHH000204: Processing PersistenceUnitInfo [name: default]
2023-08-28T18:44:51.724+05:30  INFO 19232 --- [main] org.hibernate.Version                    : HHH000412: Hibernate ORM core version 6.2.5.Final
2023-08-28T18:44:51.727+05:30  INFO 19232 --- [main] org.hibernate.cfg.Environment            : HHH000406: Using bytecode reflection optimizer
2023-08-28T18:44:51.918+05:30  INFO 19232 --- [main] o.h.b.i.BytecodeProviderInitiator        : HHH000021: Bytecode provider name : bytebuddy
2023-08-28T18:44:52.102+05:30  INFO 19232 --- [main] o.s.o.j.p.SpringPersistenceUnitInfo      : No LoadTimeWeaver setup: ignoring JPA class transformer
2023-08-28T18:44:52.457+05:30  INFO 19232 --- [main] o.h.b.i.BytecodeProviderInitiator        : HHH000021: Bytecode provider name : bytebuddy
2023-08-28T18:44:53.243+05:30  INFO 19232 --- [main] o.h.e.t.j.p.i.JtaPlatformInitiator       : HHH000490: Using JtaPlatform implementation: [org.hibernate.engine.transaction.jta.platform.internal.NoJtaPlatform]
2023-08-28T18:44:53.247+05:30  INFO 19232 --- [main] j.LocalContainerEntityManagerFactoryBean : Initialized JPA EntityManagerFactory for persistence unit 'default'
2023-08-28T18:44:54.083+05:30  WARN 19232 --- [main] JpaBaseConfiguration$JpaWebConfiguration : spring.jpa.open-in-view is enabled by default. Therefore, database queries may be performed during view rendering. Explicitly configure spring.jpa.open-in-view to disable this warning
2023-08-28T18:44:54.586+05:30  INFO 19232 --- [main] o.s.b.a.e.web.EndpointLinksResolver      : Exposing 8 endpoint(s) beneath base path '/actuator'
2023-08-28T18:44:54.663+05:30  INFO 19232 --- [main] o.s.s.web.DefaultSecurityFilterChain     : Will secure Or [Mvc [pattern='/api/**']] with [org.springframework.security.web.session.DisableEncodeUrlFilter@46cb9794, org.springframework.security.web.context.request.async.WebAsyncManagerIntegrationFilter@44252e9b, org.springframework.security.web.context.SecurityContextHolderFilter@1df77353, org.springframework.security.web.header.HeaderWriterFilter@74cd82f1, org.springframework.security.web.csrf.CsrfFilter@318155b1, org.springframework.security.web.authentication.logout.LogoutFilter@5096be74, org.springframework.security.web.authentication.www.BasicAuthenticationFilter@22c4151b, org.springframework.security.web.savedrequest.RequestCacheAwareFilter@359b4846, org.springframework.security.web.servletapi.SecurityContextHolderAwareRequestFilter@79122f5f, org.springframework.security.web.authentication.AnonymousAuthenticationFilter@7f88c53, org.springframework.security.web.access.ExceptionTranslationFilter@51aa8c0f, org.springframework.security.web.access.intercept.AuthorizationFilter@54464330]
2023-08-28T18:44:55.128+05:30  INFO 19232 --- [main] o.s.b.w.embedded.tomcat.TomcatWebServer  : Tomcat started on port(s): 9099 (http) with context path ''
2023-08-28T18:44:55.148+05:30  INFO 19232 --- [main] c.B.BankingManagementApiApplication      : Started BankingManagementApiApplication in 7.338 seconds (process running for 7.793)
2023-08-28T18:44:55.235+05:30  INFO 19232 --- [main] c.B.BankingManagementApiApplication      : Banking management Application has successfully started!
2023-08-28T18:45:12.300+05:30  INFO 19232 --- [http-nio-9099-exec-1] o.a.c.c.C.[Tomcat].[localhost].[/]       : Initializing Spring DispatcherServlet 'dispatcherServlet'
2023-08-28T18:45:12.301+05:30  INFO 19232 --- [http-nio-9099-exec-1] o.s.web.servlet.DispatcherServlet        : Initializing Servlet 'dispatcherServlet'
2023-08-28T18:45:12.304+05:30  INFO 19232 --- [http-nio-9099-exec-1] o.s.web.servlet.DispatcherServlet        : Completed initialization in 2 ms
2023-08-28T18:45:13.280+05:30  INFO 19232 --- [http-nio-9099-exec-4] o.springdoc.api.AbstractOpenApiResource  : Init duration for springdoc-openapi is: 764 ms
2023-08-28T20:46:20.491+05:30  INFO 18608 --- [main] c.B.BankingManagementApiApplication      : Starting BankingManagementApiApplication using Java 19.0.2 with PID 18608 (D:\My_Stash\Spring_Projects\bankingManagement-api\build\classes\java\main started by Paras Dongre in D:\My_Stash\Spring_Projects\bankingManagement-api)
2023-08-28T20:46:20.498+05:30  INFO 18608 --- [main] c.B.BankingManagementApiApplication      : No active profile set, falling back to 1 default profile: "default"
2023-08-28T20:46:21.910+05:30  INFO 18608 --- [main] .s.d.r.c.RepositoryConfigurationDelegate : Bootstrapping Spring Data JPA repositories in DEFAULT mode.
2023-08-28T20:46:21.989+05:30  INFO 18608 --- [main] .s.d.r.c.RepositoryConfigurationDelegate : Finished Spring Data repository scanning in 67 ms. Found 6 JPA repository interfaces.
2023-08-28T20:46:22.748+05:30  INFO 18608 --- [main] o.s.b.w.embedded.tomcat.TomcatWebServer  : Tomcat initialized with port(s): 9099 (http)
2023-08-28T20:46:22.756+05:30  INFO 18608 --- [main] o.apache.catalina.core.StandardService   : Starting service [Tomcat]
2023-08-28T20:46:22.756+05:30  INFO 18608 --- [main] o.apache.catalina.core.StandardEngine    : Starting Servlet engine: [Apache Tomcat/10.1.10]
2023-08-28T20:46:22.873+05:30  INFO 18608 --- [main] o.a.c.c.C.[Tomcat].[localhost].[/]       : Initializing Spring embedded WebApplicationContext
2023-08-28T20:46:22.873+05:30  INFO 18608 --- [main] w.s.c.ServletWebServerApplicationContext : Root WebApplicationContext: initialization completed in 2317 ms
2023-08-28T20:46:23.175+05:30  INFO 18608 --- [main] com.zaxxer.hikari.HikariDataSource       : HikariPool-1 - Starting...
2023-08-28T20:46:23.484+05:30  INFO 18608 --- [main] com.zaxxer.hikari.pool.HikariPool        : HikariPool-1 - Added connection com.mysql.cj.jdbc.ConnectionImpl@194b9783
2023-08-28T20:46:23.486+05:30  INFO 18608 --- [main] com.zaxxer.hikari.HikariDataSource       : HikariPool-1 - Start completed.
2023-08-28T20:46:23.529+05:30  INFO 18608 --- [main] o.hibernate.jpa.internal.util.LogHelper  : HHH000204: Processing PersistenceUnitInfo [name: default]
2023-08-28T20:46:23.581+05:30  INFO 18608 --- [main] org.hibernate.Version                    : HHH000412: Hibernate ORM core version 6.2.5.Final
2023-08-28T20:46:23.583+05:30  INFO 18608 --- [main] org.hibernate.cfg.Environment            : HHH000406: Using bytecode reflection optimizer
2023-08-28T20:46:23.740+05:30  INFO 18608 --- [main] o.h.b.i.BytecodeProviderInitiator        : HHH000021: Bytecode provider name : bytebuddy
2023-08-28T20:46:23.910+05:30  INFO 18608 --- [main] o.s.o.j.p.SpringPersistenceUnitInfo      : No LoadTimeWeaver setup: ignoring JPA class transformer
2023-08-28T20:46:24.206+05:30  INFO 18608 --- [main] o.h.b.i.BytecodeProviderInitiator        : HHH000021: Bytecode provider name : bytebuddy
2023-08-28T20:46:24.827+05:30  INFO 18608 --- [main] o.h.e.t.j.p.i.JtaPlatformInitiator       : HHH000490: Using JtaPlatform implementation: [org.hibernate.engine.transaction.jta.platform.internal.NoJtaPlatform]
2023-08-28T20:46:24.829+05:30  INFO 18608 --- [main] j.LocalContainerEntityManagerFactoryBean : Initialized JPA EntityManagerFactory for persistence unit 'default'
2023-08-28T20:46:25.394+05:30  WARN 18608 --- [main] JpaBaseConfiguration$JpaWebConfiguration : spring.jpa.open-in-view is enabled by default. Therefore, database queries may be performed during view rendering. Explicitly configure spring.jpa.open-in-view to disable this warning
2023-08-28T20:46:25.764+05:30  INFO 18608 --- [main] o.s.b.a.e.web.EndpointLinksResolver      : Exposing 8 endpoint(s) beneath base path '/actuator'
2023-08-28T20:46:25.817+05:30  INFO 18608 --- [main] o.s.s.web.DefaultSecurityFilterChain     : Will secure Or [Mvc [pattern='/api/**']] with [org.springframework.security.web.session.DisableEncodeUrlFilter@3ce2c454, org.springframework.security.web.context.request.async.WebAsyncManagerIntegrationFilter@6f65b61d, org.springframework.security.web.context.SecurityContextHolderFilter@628f642d, org.springframework.security.web.header.HeaderWriterFilter@77c41838, org.springframework.security.web.csrf.CsrfFilter@258ff54a, org.springframework.security.web.authentication.logout.LogoutFilter@5bafe1f1, org.springframework.security.web.authentication.www.BasicAuthenticationFilter@f5b81f4, org.springframework.security.web.savedrequest.RequestCacheAwareFilter@381db99e, org.springframework.security.web.servletapi.SecurityContextHolderAwareRequestFilter@58545c2e, org.springframework.security.web.authentication.AnonymousAuthenticationFilter@33c91567, org.springframework.security.web.access.ExceptionTranslationFilter@79122f5f, org.springframework.security.web.access.intercept.AuthorizationFilter@219c10c2]
2023-08-28T20:46:26.133+05:30  INFO 18608 --- [main] o.s.b.w.embedded.tomcat.TomcatWebServer  : Tomcat started on port(s): 9099 (http) with context path ''
2023-08-28T20:46:26.146+05:30  INFO 18608 --- [main] c.B.BankingManagementApiApplication      : Started BankingManagementApiApplication in 6.115 seconds (process running for 6.832)
2023-08-28T20:46:26.206+05:30  INFO 18608 --- [main] c.B.BankingManagementApiApplication      : Banking management Application has successfully started!
